Arguments: 
  D:\Software\node\node.exe C:\Users\12530\AppData\Roaming\npm\node_modules\yarn\bin\yarn.js add less

PATH: 
  C:\Windows\system32;C:\Windows;C:\Windows\System32\Wbem;C:\Windows\System32\WindowsPowerShell\v1.0\;C:\Windows\System32\OpenSSH\;D:\Software\node\;D:\Software\ITtool\git\Git\cmd;C:\Program Files\MySQL\MySQL Server 5.5\bin;C:\Users\12530\AppData\Local\Microsoft\WindowsApps;C:\Users\12530\AppData\Roaming\npm;D:\Software\ITtool\VScode\bin;D:\Software\ITtool\mongodb\MongoDB\bin;

Yarn version: 
  1.15.2

Node version: 
  10.15.3

Platform: 
  win32 x64

Trace: 
  Error: ENOENT: no such file or directory, copyfile 'C:\Users\12530\AppData\Local\Yarn\Cache\v4\npm-inherits-2.0.1-b17d08d326b4423e568eff719f91b0b1cbdf69f1\node_modules\inherits\inherits.js' -> 'D:\ItData\zhufeng\项目实战\hardwritingWebpack\node_modules\assert\node_modules\inherits\inherits.js'

npm manifest: 
  {
    "name": "hardwritingWebpack",
    "version": "1.0.0",
    "description": "",
    "main": "index.js",
    "scripts": {
      "build": "webpack"
    },
    "keywords": [],
    "author": "",
    "license": "ISC",
    "devDependencies": {
      "webpack": "^4.30.0",
      "webpack-cli": "^3.3.1"
    }
  }

yarn manifest: 
  No manifest

Lockfile: 
  No lockfile
